#
# A fatal error has been detected by the Java Runtime Environment:
#
#  EXCEPTION_ACCESS_VIOLATION (0xc0000005) at pc=0x44ffe800, pid=6368, tid=8180
#
# JRE version: Java(TM) SE Runtime Environment (8.0_45-b14) (build 1.8.0_45-b14)
# Java VM: Java HotSpot(TM) Client VM (25.45-b02 mixed mode windows-x86 )
# Problematic frame:
# C  0x44ffe800
#
# Failed to write core dump. Minidumps are not enabled by default on client versions of Windows
#
# If you would like to submit a bug report, please visit:
#   http://bugreport.java.com/bugreport/crash.jsp
# The crash happened outside the Java Virtual Machine in native code.
# See problematic frame for where to report the bug.
#

---------------  T H R E A D  ---------------

Current thread (0x4509cc00):  JavaThread "Daemon worker" [_thread_in_native, id=8180, stack(0x45710000,0x45760000)]

siginfo: ExceptionCode=0xc0000005, ExceptionInformation=0x00000008 0x44ffe800

Registers:
EAX=0x00000004, EBX=0x4509cd40, ECX=0x00000000, EDX=0x4488970c
ESP=0x4575d2d8, EBP=0x4575d308, ESI=0x4575d328, EDI=0x484c66e8
EIP=0x44ffe800, EFLAGS=0x00010216

Top of Stack: (sp=0x4575d2d8)
0x4575d2d8:   4575d3b8 00000000 5dbd079c 5dbd087c
0x4575d2e8:   484d9d68 00000000 00000002 4509b2e4
0x4575d2f8:   494b4960 494b4960 4575d334 4575d340
0x4575d308:   4575d368 6396753d 44ffe838 4509aef0
0x4575d318:   4509aef8 4509b2e4 000003ec 0171bc7f
0x4575d328:   00000000 00000000 00000000 4575d35c
0x4575d338:   5d97f6a0 4509cc00 00000006 00000008
0x4575d348:   4509cc00 494b4958 494b4960 494b4960 

Instructions: (pc=0x44ffe800)
0x44ffe7e0:   c0 cb 08 45 c8 cb 08 45 b4 cf 08 45 ec 03 00 00
0x44ffe7f0:   6d d2 f7 4d e8 e7 00 88 0e 00 01 00 df 26 cd 0c
0x44ffe800:   43 61 6e 63 65 6c 20 68 61 6e 64 6c 65 72 26 00
0x44ffe810:   91 d3 f7 4d 09 00 00 88 0a 00 01 00 e7 ad f3 5d 


Register to memory mapping:

EAX=0x00000004 is an unknown value
EBX=0x4509cd40 is an unknown value
ECX=0x00000000 is an unknown value
EDX=0x4488970c is an unknown value
ESP=0x4575d2d8 is pointing into the stack for thread: 0x4509cc00
EBP=0x4575d308 is pointing into the stack for thread: 0x4509cc00
ESI=0x4575d328 is pointing into the stack for thread: 0x4509cc00
EDI=0x484c66e8 is an unknown value


Stack: [0x45710000,0x45760000],  sp=0x4575d2d8,  free space=308k
Native frames: (J=compiled Java code, j=interpreted, Vv=VM code, C=native code)
C  0x44ffe800
C  [libaapt2_jni.dll+0x2753d]
j  com.android.tools.aapt2.Aapt2Jni.nativeCompile(Ljava/util/List;Lcom/android/tools/aapt2/Aapt2JniLogCallback;)I+0
j  com.android.tools.aapt2.Aapt2Jni.compile(Ljava/util/List;)Lcom/android/tools/aapt2/Aapt2Result;+6
j  com.android.builder.internal.aapt.v2.AaptV2Jni.lambda$compile$0(Lcom/android/ide/common/res2/CompileResourceRequest;)Ljava/io/File;+10
j  com.android.builder.internal.aapt.v2.AaptV2Jni$$Lambda$282.call()Ljava/lang/Object;+8
j  java.util.concurrent.ForkJoinTask$AdaptedCallable.exec()Z+5
j  java.util.concurrent.ForkJoinTask.doExec()I+10
j  java.util.concurrent.ForkJoinTask.externalInterruptibleAwaitDone()I+55
j  java.util.concurrent.ForkJoinTask.get()Ljava/lang/Object;+17
j  com.android.ide.common.res2.MergedResourceWriter.postWriteAction()V+635
j  com.android.ide.common.res2.MergeWriter.end()V+1
j  com.android.ide.common.res2.MergedResourceWriter.end()V+1
J 4407% C1 com.android.ide.common.res2.DataMerger.mergeData(Lcom/android/ide/common/res2/MergeConsumer;Z)V (603 bytes) @ 0x01db285b [0x01db1fc0+0x89b]
j  com.android.ide.common.res2.ResourceMerger.mergeData(Lcom/android/ide/common/res2/MergeConsumer;Z)V+7
j  com.android.build.gradle.tasks.MergeResources.doFullTaskAction()V+201
j  com.android.build.gradle.internal.tasks.IncrementalTask.taskAction(Lorg/gradle/api/tasks/incremental/IncrementalTaskInputs;)V+33
v  ~StubRoutines::call_stub
V  [jvm.dll+0x155cb5]
V  [jvm.dll+0x21b12e]
V  [jvm.dll+0x155d4e]
V  [jvm.dll+0x16245a]
V  [jvm.dll+0x1626b3]
V  [jvm.dll+0xffdc3]
C  [java.dll+0x3b22]
J 2812 C1 sun.reflect.NativeMethodAccessorImpl.invoke(Ljava/lang/Object;[Ljava/lang/Object;)Ljava/lang/Object; (104 bytes) @ 0x0177db83 [0x0177d900+0x283]
J 626 C1 sun.reflect.DelegatingMethodAccessorImpl.invoke(Ljava/lang/Object;[Ljava/lang/Object;)Ljava/lang/Object; (10 bytes) @ 0x018355bf [0x01835590+0x2f]
J 500 C1 java.lang.reflect.Method.invoke(Ljava/lang/Object;[Ljava/lang/Object;)Ljava/lang/Object; (62 bytes) @ 0x018097b1 [0x01809700+0xb1]
j  org.gradle.internal.reflect.JavaMethod.invoke(Ljava/lang/Object;[Ljava/lang/Object;)Ljava/lang/Object;+6
j  org.gradle.api.internal.project.taskfactory.DefaultTaskClassInfoStore$IncrementalTaskAction.doExecute(Lorg/gradle/api/Task;Ljava/lang/String;)V+35
j  org.gradle.api.internal.project.taskfactory.DefaultTaskClassInfoStore$StandardTaskAction.execute(Lorg/gradle/api/Task;)V+32
j  org.gradle.api.internal.project.taskfactory.DefaultTaskClassInfoStore$StandardTaskAction.execute(Ljava/lang/Object;)V+5
j  org.gradle.api.internal.tasks.execution.ExecuteActionsTaskExecuter$1.run(Lorg/gradle/internal/operations/BuildOperationContext;)V+23
j  org.gradle.internal.progress.DefaultBuildOperationExecutor$RunnableBuildOperationWorker.execute(Lorg/gradle/internal/operations/RunnableBuildOperation;Lorg/gradle/internal/operations/BuildOperationContext;)V+2
j  org.gradle.internal.progress.DefaultBuildOperationExecutor$RunnableBuildOperationWorker.execute(Lorg/gradle/internal/operations/BuildOperation;Lorg/gradle/internal/operations/BuildOperationContext;)V+6
j  org.gradle.internal.progress.DefaultBuildOperationExecutor.execute(Lorg/gradle/internal/operations/BuildOperation;Lorg/gradle/internal/operations/BuildOperationWorker;Lorg/gradle/internal/progress/DefaultBuildOperationExecutor$DefaultBuildOperationState;)V+177
j  org.gradle.internal.progress.DefaultBuildOperationExecutor.run(Lorg/gradle/internal/operations/RunnableBuildOperation;)V+20
j  org.gradle.api.internal.tasks.execution.ExecuteActionsTaskExecuter.executeAction(Ljava/lang/String;Lorg/gradle/api/internal/TaskInternal;Lorg/gradle/api/internal/tasks/ContextAwareTaskAction;Lorg/gradle/api/internal/tasks/TaskExecutionContext;)V+23
j  org.gradle.api.internal.tasks.execution.ExecuteActionsTaskExecuter.executeActions(Lorg/gradle/api/internal/TaskInternal;Lorg/gradle/api/internal/tasks/TaskStateInternal;Lorg/gradle/api/internal/tasks/TaskExecutionContext;)Lorg/gradle/api/GradleException;+131
j  org.gradle.api.internal.tasks.execution.ExecuteActionsTaskExecuter.execute(Lorg/gradle/api/internal/TaskInternal;Lorg/gradle/api/internal/tasks/TaskStateInternal;Lorg/gradle/api/internal/tasks/TaskExecutionContext;)V+42
j  org.gradle.api.internal.tasks.execution.SkipUpToDateTaskExecuter.execute(Lorg/gradle/api/internal/TaskInternal;Lorg/gradle/api/internal/tasks/TaskStateInternal;Lorg/gradle/api/internal/tasks/TaskExecutionContext;)V+124
j  org.gradle.api.internal.tasks.execution.ResolveTaskOutputCachingStateExecuter.execute(Lorg/gradle/api/internal/TaskInternal;Lorg/gradle/api/internal/tasks/TaskStateInternal;Lorg/gradle/api/internal/tasks/TaskExecutionContext;)V+96
j  org.gradle.api.internal.tasks.execution.ValidatingTaskExecuter.execute(Lorg/gradle/api/internal/TaskInternal;Lorg/gradle/api/internal/tasks/TaskStateInternal;Lorg/gradle/api/internal/tasks/TaskExecutionContext;)V+215
j  org.gradle.api.internal.tasks.execution.SkipEmptySourceFilesTaskExecuter.execute(Lorg/gradle/api/internal/TaskInternal;Lorg/gradle/api/internal/tasks/TaskStateInternal;Lorg/gradle/api/internal/tasks/TaskExecutionContext;)V+335
j  org.gradle.api.internal.tasks.execution.ResolveTaskArtifactStateTaskExecuter.execute(Lorg/gradle/api/internal/TaskInternal;Lorg/gradle/api/internal/tasks/TaskStateInternal;Lorg/gradle/api/internal/tasks/TaskExecutionContext;)V+72
j  org.gradle.api.internal.tasks.execution.SkipTaskWithNoActionsExecuter.execute(Lorg/gradle/api/internal/TaskInternal;Lorg/gradle/api/internal/tasks/TaskStateInternal;Lorg/gradle/api/internal/tasks/TaskExecutionContext;)V+124
j  org.gradle.api.internal.tasks.execution.SkipOnlyIfTaskExecuter.execute(Lorg/gradle/api/internal/TaskInternal;Lorg/gradle/api/internal/tasks/TaskStateInternal;Lorg/gradle/api/internal/tasks/TaskExecutionContext;)V+85
j  org.gradle.api.internal.tasks.execution.ExecuteAtMostOnceTaskExecuter.execute(Lorg/gradle/api/internal/TaskInternal;Lorg/gradle/api/internal/tasks/TaskStateInternal;Lorg/gradle/api/internal/tasks/TaskExecutionContext;)V+26
j  org.gradle.api.internal.tasks.execution.CatchExceptionTaskExecuter.execute(Lorg/gradle/api/internal/TaskInternal;Lorg/gradle/api/internal/tasks/TaskStateInternal;Lorg/gradle/api/internal/tasks/TaskExecutionContext;)V+7
j  org.gradle.execution.taskgraph.DefaultTaskGraphExecuter$EventFiringTaskWorker$1.run(Lorg/gradle/internal/operations/BuildOperationContext;)V+56
j  org.gradle.internal.progress.DefaultBuildOperationExecutor$RunnableBuildOperationWorker.execute(Lorg/gradle/internal/operations/RunnableBuildOperation;Lorg/gradle/internal/operations/BuildOperationContext;)V+2
j  org.gradle.internal.progress.DefaultBuildOperationExecutor$RunnableBuildOperationWorker.execute(Lorg/gradle/internal/operations/BuildOperation;Lorg/gradle/internal/operations/BuildOperationContext;)V+6
j  org.gradle.internal.progress.DefaultBuildOperationExecutor.execute(Lorg/gradle/internal/operations/BuildOperation;Lorg/gradle/internal/operations/BuildOperationWorker;Lorg/gradle/internal/progress/DefaultBuildOperationExecutor$DefaultBuildOperationState;)V+177
j  org.gradle.internal.progress.DefaultBuildOperationExecutor.run(Lorg/gradle/internal/operations/RunnableBuildOperation;)V+20
j  org.gradle.execution.taskgraph.DefaultTaskGraphExecuter$EventFiringTaskWorker.execute(Lorg/gradle/api/internal/TaskInternal;)V+16
j  org.gradle.execution.taskgraph.DefaultTaskGraphExecuter$EventFiringTaskWorker.execute(Ljava/lang/Object;)V+5
j  org.gradle.execution.taskgraph.DefaultTaskPlanExecutor$TaskExecutorWorker.processTask(Lorg/gradle/execution/taskgraph/TaskInfo;)V+8
j  org.gradle.execution.taskgraph.DefaultTaskPlanExecutor$TaskExecutorWorker.access$200(Lorg/gradle/execution/taskgraph/DefaultTaskPlanExecutor$TaskExecutorWorker;Lorg/gradle/execution/taskgraph/TaskInfo;)V+2
j  org.gradle.execution.taskgraph.DefaultTaskPlanExecutor$TaskExecutorWorker$1.execute(Lorg/gradle/execution/taskgraph/TaskInfo;)V+38
j  org.gradle.execution.taskgraph.DefaultTaskPlanExecutor$TaskExecutorWorker$1.execute(Ljava/lang/Object;)V+5
j  org.gradle.execution.taskgraph.DefaultTaskExecutionPlan.execute(Lorg/gradle/execution/taskgraph/TaskInfo;Lorg/gradle/internal/work/WorkerLeaseRegistry$WorkerLease;Lorg/gradle/api/Action;)V+14
j  org.gradle.execution.taskgraph.DefaultTaskExecutionPlan.executeWithTask(Lorg/gradle/internal/work/WorkerLeaseRegistry$WorkerLease;Lorg/gradle/api/Action;)Z+53
j  org.gradle.execution.taskgraph.DefaultTaskPlanExecutor$TaskExecutorWorker.run()V+52
j  org.gradle.execution.taskgraph.DefaultTaskPlanExecutor.process(Lorg/gradle/execution/taskgraph/TaskExecutionPlan;Lorg/gradle/api/Action;)V+67
j  org.gradle.execution.taskgraph.DefaultTaskGraphExecuter.execute()V+61
j  org.gradle.execution.SelectedTaskExecutionAction.execute(Lorg/gradle/execution/BuildExecutionContext;)V+55
j  org.gradle.execution.DefaultBuildExecuter.execute(Lorg/gradle/api/internal/GradleInternal;I)V+37
j  org.gradle.execution.DefaultBuildExecuter.access$000(Lorg/gradle/execution/DefaultBuildExecuter;Lorg/gradle/api/internal/GradleInternal;I)V+3
j  org.gradle.execution.DefaultBuildExecuter$1.proceed()V+14
j  org.gradle.execution.DryRunBuildExecutionAction.execute(Lorg/gradle/execution/BuildExecutionContext;)V+121
j  org.gradle.execution.DefaultBuildExecuter.execute(Lorg/gradle/api/internal/GradleInternal;I)V+37
j  org.gradle.execution.DefaultBuildExecuter.execute(Lorg/gradle/api/internal/GradleInternal;)V+3
j  org.gradle.initialization.DefaultGradleLauncher$ExecuteTasks.run(Lorg/gradle/internal/operations/BuildOperationContext;)V+55
j  org.gradle.internal.progress.DefaultBuildOperationExecutor$RunnableBuildOperationWorker.execute(Lorg/gradle/internal/operations/RunnableBuildOperation;Lorg/gradle/internal/operations/BuildOperationContext;)V+2
j  org.gradle.internal.progress.DefaultBuildOperationExecutor$RunnableBuildOperationWorker.execute(Lorg/gradle/internal/operations/BuildOperation;Lorg/gradle/internal/operations/BuildOperationContext;)V+6
j  org.gradle.internal.progress.DefaultBuildOperationExecutor.execute(Lorg/gradle/internal/operations/BuildOperation;Lorg/gradle/internal/operations/BuildOperationWorker;Lorg/gradle/internal/progress/DefaultBuildOperationExecutor$DefaultBuildOperationState;)V+177
j  org.gradle.internal.progress.DefaultBuildOperationExecutor.run(Lorg/gradle/internal/operations/RunnableBuildOperation;)V+20
j  org.gradle.initialization.DefaultGradleLauncher.runTasks()V+53
j  org.gradle.initialization.DefaultGradleLauncher.doBuildStages(Lorg/gradle/initialization/DefaultGradleLauncher$Stage;)V+37
j  org.gradle.initialization.DefaultGradleLauncher.executeTasks()Lorg/gradle/api/internal/GradleInternal;+4
j  org.gradle.internal.invocation.GradleBuildController$1.call()Lorg/gradle/api/internal/GradleInternal;+7
j  org.gradle.internal.invocation.GradleBuildController$1.call()Ljava/lang/Object;+1
j  org.gradle.internal.work.DefaultWorkerLeaseService.withLocks(Ljava/lang/Iterable;Ljava/util/concurrent/Callable;)Ljava/lang/Object;+15
j  org.gradle.internal.invocation.GradleBuildController.doBuild(Ljava/util/concurrent/Callable;)Lorg/gradle/api/internal/GradleInternal;+52
j  org.gradle.internal.invocation.GradleBuildController.run()Lorg/gradle/api/internal/GradleInternal;+9
j  org.gradle.tooling.internal.provider.runner.BuildModelActionRunner.run(Lorg/gradle/internal/invocation/BuildAction;Lorg/gradle/internal/invocation/BuildController;)V+66
j  org.gradle.launcher.exec.ChainingBuildActionRunner.run(Lorg/gradle/internal/invocation/BuildAction;Lorg/gradle/internal/invocation/BuildController;)V+34
j  org.gradle.launcher.exec.ChainingBuildActionRunner.run(Lorg/gradle/internal/invocation/BuildAction;Lorg/gradle/internal/invocation/BuildController;)V+34
j  org.gradle.tooling.internal.provider.ValidatingBuildActionRunner.run(Lorg/gradle/internal/invocation/BuildAction;Lorg/gradle/internal/invocation/BuildController;)V+6
j  org.gradle.launcher.exec.RunAsBuildOperationBuildActionRunner$1.run(Lorg/gradle/internal/operations/BuildOperationContext;)V+15
j  org.gradle.internal.progress.DefaultBuildOperationExecutor$RunnableBuildOperationWorker.execute(Lorg/gradle/internal/operations/RunnableBuildOperation;Lorg/gradle/internal/operations/BuildOperationContext;)V+2
j  org.gradle.internal.progress.DefaultBuildOperationExecutor$RunnableBuildOperationWorker.execute(Lorg/gradle/internal/operations/BuildOperation;Lorg/gradle/internal/operations/BuildOperationContext;)V+6
j  org.gradle.internal.progress.DefaultBuildOperationExecutor.execute(Lorg/gradle/internal/operations/BuildOperation;Lorg/gradle/internal/operations/BuildOperationWorker;Lorg/gradle/internal/progress/DefaultBuildOperationExecutor$DefaultBuildOperationState;)V+177
j  org.gradle.internal.progress.DefaultBuildOperationExecutor.run(Lorg/gradle/internal/operations/RunnableBuildOperation;)V+20
j  org.gradle.launcher.exec.RunAsBuildOperationBuildActionRunner.run(Lorg/gradle/internal/invocation/BuildAction;Lorg/gradle/internal/invocation/BuildController;)V+34
j  org.gradle.tooling.internal.provider.SubscribableBuildActionRunner.run(Lorg/gradle/internal/invocation/BuildAction;Lorg/gradle/internal/invocation/BuildController;)V+40
j  org.gradle.launcher.exec.InProcessBuildActionExecuter.execute(Lorg/gradle/internal/invocation/BuildAction;Lorg/gradle/initialization/BuildRequestContext;Lorg/gradle/launcher/exec/BuildActionParameters;Lorg/gradle/internal/service/ServiceRegistry;)Ljava/lang/Object;+71
j  org.gradle.launcher.exec.InProcessBuildActionExecuter.execute(Lorg/gradle/internal/invocation/BuildAction;Lorg/gradle/initialization/BuildRequestContext;Ljava/lang/Object;Lorg/gradle/internal/service/ServiceRegistry;)Ljava/lang/Object;+9
j  org.gradle.launcher.exec.BuildTreeScopeBuildActionExecuter.execute(Lorg/gradle/internal/invocation/BuildAction;Lorg/gradle/initialization/BuildRequestContext;Lorg/gradle/launcher/exec/BuildActionParameters;Lorg/gradle/internal/service/ServiceRegistry;)Ljava/lang/Object;+41
j  org.gradle.launcher.exec.BuildTreeScopeBuildActionExecuter.execute(Lorg/gradle/internal/invocation/BuildAction;Lorg/gradle/initialization/BuildRequestContext;Ljava/lang/Object;Lorg/gradle/internal/service/ServiceRegistry;)Ljava/lang/Object;+9
...<more frames>...

Java frames: (J=compiled Java code, j=interpreted, Vv=VM code)
j  com.android.tools.aapt2.Aapt2Jni.nativeCompile(Ljava/util/List;Lcom/android/tools/aapt2/Aapt2JniLogCallback;)I+0
j  com.android.tools.aapt2.Aapt2Jni.compile(Ljava/util/List;)Lcom/android/tools/aapt2/Aapt2Result;+6
j  com.android.builder.internal.aapt.v2.AaptV2Jni.lambda$compile$0(Lcom/android/ide/common/res2/CompileResourceRequest;)Ljava/io/File;+10
j  com.android.builder.internal.aapt.v2.AaptV2Jni$$Lambda$282.call()Ljava/lang/Object;+8
j  java.util.concurrent.ForkJoinTask$AdaptedCallable.exec()Z+5
j  java.util.concurrent.ForkJoinTask.doExec()I+10
j  java.util.concurrent.ForkJoinTask.externalInterruptibleAwaitDone()I+55
j  java.util.concurrent.ForkJoinTask.get()Ljava/lang/Object;+17
j  com.android.ide.common.res2.MergedResourceWriter.postWriteAction()V+635
j  com.android.ide.common.res2.MergeWriter.end()V+1
j  com.android.ide.common.res2.MergedResourceWriter.end()V+1
J 4407% C1 com.android.ide.common.res2.DataMerger.mergeData(Lcom/android/ide/common/res2/MergeConsumer;Z)V (603 bytes) @ 0x01db285b [0x01db1fc0+0x89b]
j  com.android.ide.common.res2.ResourceMerger.mergeData(Lcom/android/ide/common/res2/MergeConsumer;Z)V+7
j  com.android.build.gradle.tasks.MergeResources.doFullTaskAction()V+201
j  com.android.build.gradle.internal.tasks.IncrementalTask.taskAction(Lorg/gradle/api/tasks/incremental/IncrementalTaskInputs;)V+33
v  ~StubRoutines::call_stub
J 2813  sun.reflect.NativeMethodAccessorImpl.invoke0(Ljava/lang/reflect/Method;Ljava/lang/Object;[Ljava/lang/Object;)Ljava/lang/Object; (0 bytes) @ 0x0177d64d [0x0177d5d0+0x7d]
J 2812 C1 sun.reflect.NativeMethodAccessorImpl.invoke(Ljava/lang/Object;[Ljava/lang/Object;)Ljava/lang/Object; (104 bytes) @ 0x0177db83 [0x0177d900+0x283]
J 626 C1 sun.reflect.DelegatingMethodAccessorImpl.invoke(Ljava/lang/Object;[Ljava/lang/Object;)Ljava/lang/Object; (10 bytes) @ 0x018355bf [0x01835590+0x2f]
J 500 C1 java.lang.reflect.Method.invoke(Ljava/lang/Object;[Ljava/lang/Object;)Ljava/lang/Object; (62 bytes) @ 0x018097b1 [0x01809700+0xb1]
j  org.gradle.internal.reflect.JavaMethod.invoke(Ljava/lang/Object;[Ljava/lang/Object;)Ljava/lang/Object;+6
j  org.gradle.api.internal.project.taskfactory.DefaultTaskClassInfoStore$IncrementalTaskAction.doExecute(Lorg/gradle/api/Task;Ljava/lang/String;)V+35
j  org.gradle.api.internal.project.taskfactory.DefaultTaskClassInfoStore$StandardTaskAction.execute(Lorg/gradle/api/Task;)V+32
j  org.gradle.api.internal.project.taskfactory.DefaultTaskClassInfoStore$StandardTaskAction.execute(Ljava/lang/Object;)V+5
j  org.gradle.api.internal.tasks.execution.ExecuteActionsTaskExecuter$1.run(Lorg/gradle/internal/operations/BuildOperationContext;)V+23
j  org.gradle.internal.progress.DefaultBuildOperationExecutor$RunnableBuildOperationWorker.execute(Lorg/gradle/internal/operations/RunnableBuildOperation;Lorg/gradle/internal/operations/BuildOperationContext;)V+2
j  org.gradle.internal.progress.DefaultBuildOperationExecutor$RunnableBuildOperationWorker.execute(Lorg/gradle/internal/operations/BuildOperation;Lorg/gradle/internal/operations/BuildOperationContext;)V+6
j  org.gradle.internal.progress.DefaultBuildOperationExecutor.execute(Lorg/gradle/internal/operations/BuildOperation;Lorg/gradle/internal/operations/BuildOperationWorker;Lorg/gradle/internal/progress/DefaultBuildOperationExecutor$DefaultBuildOperationState;)V+177
j  org.gradle.internal.progress.DefaultBuildOperationExecutor.run(Lorg/gradle/internal/operations/RunnableBuildOperation;)V+20
j  org.gradle.api.internal.tasks.execution.ExecuteActionsTaskExecuter.executeAction(Ljava/lang/String;Lorg/gradle/api/internal/TaskInternal;Lorg/gradle/api/internal/tasks/ContextAwareTaskAction;Lorg/gradle/api/internal/tasks/TaskExecutionContext;)V+23
j  org.gradle.api.internal.tasks.execution.ExecuteActionsTaskExecuter.executeActions(Lorg/gradle/api/internal/TaskInternal;Lorg/gradle/api/internal/tasks/TaskStateInternal;Lorg/gradle/api/internal/tasks/TaskExecutionContext;)Lorg/gradle/api/GradleException;+131
j  org.gradle.api.internal.tasks.execution.ExecuteActionsTaskExecuter.execute(Lorg/gradle/api/internal/TaskInternal;Lorg/gradle/api/internal/tasks/TaskStateInternal;Lorg/gradle/api/internal/tasks/TaskExecutionContext;)V+42
j  org.gradle.api.internal.tasks.execution.SkipUpToDateTaskExecuter.execute(Lorg/gradle/api/internal/TaskInternal;Lorg/gradle/api/internal/tasks/TaskStateInternal;Lorg/gradle/api/internal/tasks/TaskExecutionContext;)V+124
j  org.gradle.api.internal.tasks.execution.ResolveTaskOutputCachingStateExecuter.execute(Lorg/gradle/api/internal/TaskInternal;Lorg/gradle/api/internal/tasks/TaskStateInternal;Lorg/gradle/api/internal/tasks/TaskExecutionContext;)V+96
j  org.gradle.api.internal.tasks.execution.ValidatingTaskExecuter.execute(Lorg/gradle/api/internal/TaskInternal;Lorg/gradle/api/internal/tasks/TaskStateInternal;Lorg/gradle/api/internal/tasks/TaskExecutionContext;)V+215
j  org.gradle.api.internal.tasks.execution.SkipEmptySourceFilesTaskExecuter.execute(Lorg/gradle/api/internal/TaskInternal;Lorg/gradle/api/internal/tasks/TaskStateInternal;Lorg/gradle/api/internal/tasks/TaskExecutionContext;)V+335
j  org.gradle.api.internal.tasks.execution.ResolveTaskArtifactStateTaskExecuter.execute(Lorg/gradle/api/internal/TaskInternal;Lorg/gradle/api/internal/tasks/TaskStateInternal;Lorg/gradle/api/internal/tasks/TaskExecutionContext;)V+72
j  org.gradle.api.internal.tasks.execution.SkipTaskWithNoActionsExecuter.execute(Lorg/gradle/api/internal/TaskInternal;Lorg/gradle/api/internal/tasks/TaskStateInternal;Lorg/gradle/api/internal/tasks/TaskExecutionContext;)V+124
j  org.gradle.api.internal.tasks.execution.SkipOnlyIfTaskExecuter.execute(Lorg/gradle/api/internal/TaskInternal;Lorg/gradle/api/internal/tasks/TaskStateInternal;Lorg/gradle/api/internal/tasks/TaskExecutionContext;)V+85
j  org.gradle.api.internal.tasks.execution.ExecuteAtMostOnceTaskExecuter.execute(Lorg/gradle/api/internal/TaskInternal;Lorg/gradle/api/internal/tasks/TaskStateInternal;Lorg/gradle/api/internal/tasks/TaskExecutionContext;)V+26
j  org.gradle.api.internal.tasks.execution.CatchExceptionTaskExecuter.execute(Lorg/gradle/api/internal/TaskInternal;Lorg/gradle/api/internal/tasks/TaskStateInternal;Lorg/gradle/api/internal/tasks/TaskExecutionContext;)V+7
j  org.gradle.execution.taskgraph.DefaultTaskGraphExecuter$EventFiringTaskWorker$1.run(Lorg/gradle/internal/operations/BuildOperationContext;)V+56
j  org.gradle.internal.progress.DefaultBuildOperationExecutor$RunnableBuildOperationWorker.execute(Lorg/gradle/internal/operations/RunnableBuildOperation;Lorg/gradle/internal/operations/BuildOperationContext;)V+2
j  org.gradle.internal.progress.DefaultBuildOperationExecutor$RunnableBuildOperationWorker.execute(Lorg/gradle/internal/operations/BuildOperation;Lorg/gradle/internal/operations/BuildOperationContext;)V+6
j  org.gradle.internal.progress.DefaultBuildOperationExecutor.execute(Lorg/gradle/internal/operations/BuildOperation;Lorg/gradle/internal/operations/BuildOperationWorker;Lorg/gradle/internal/progress/DefaultBuildOperationExecutor$DefaultBuildOperationState;)V+177
j  org.gradle.internal.progress.DefaultBuildOperationExecutor.run(Lorg/gradle/internal/operations/RunnableBuildOperation;)V+20
j  org.gradle.execution.taskgraph.DefaultTaskGraphExecuter$EventFiringTaskWorker.execute(Lorg/gradle/api/internal/TaskInternal;)V+16
j  org.gradle.execution.taskgraph.DefaultTaskGraphExecuter$EventFiringTaskWorker.execute(Ljava/lang/Object;)V+5
j  org.gradle.execution.taskgraph.DefaultTaskPlanExecutor$TaskExecutorWorker.processTask(Lorg/gradle/execution/taskgraph/TaskInfo;)V+8
j  org.gradle.execution.taskgraph.DefaultTaskPlanExecutor$TaskExecutorWorker.access$200(Lorg/gradle/execution/taskgraph/DefaultTaskPlanExecutor$TaskExecutorWorker;Lorg/gradle/execution/taskgraph/TaskInfo;)V+2
j  org.gradle.execution.taskgraph.DefaultTaskPlanExecutor$TaskExecutorWorker$1.execute(Lorg/gradle/execution/taskgraph/TaskInfo;)V+38
j  org.gradle.execution.taskgraph.DefaultTaskPlanExecutor$TaskExecutorWorker$1.execute(Ljava/lang/Object;)V+5
j  org.gradle.execution.taskgraph.DefaultTaskExecutionPlan.execute(Lorg/gradle/execution/taskgraph/TaskInfo;Lorg/gradle/internal/work/WorkerLeaseRegistry$WorkerLease;Lorg/gradle/api/Action;)V+14
j  org.gradle.execution.taskgraph.DefaultTaskExecutionPlan.executeWithTask(Lorg/gradle/internal/work/WorkerLeaseRegistry$WorkerLease;Lorg/gradle/api/Action;)Z+53
j  org.gradle.execution.taskgraph.DefaultTaskPlanExecutor$TaskExecutorWorker.run()V+52
j  org.gradle.execution.taskgraph.DefaultTaskPlanExecutor.process(Lorg/gradle/execution/taskgraph/TaskExecutionPlan;Lorg/gradle/api/Action;)V+67
j  org.gradle.execution.taskgraph.DefaultTaskGraphExecuter.execute()V+61
j  org.gradle.execution.SelectedTaskExecutionAction.execute(Lorg/gradle/execution/BuildExecutionContext;)V+55
j  org.gradle.execution.DefaultBuildExecuter.execute(Lorg/gradle/api/internal/GradleInternal;I)V+37
j  org.gradle.execution.DefaultBuildExecuter.access$000(Lorg/gradle/execution/DefaultBuildExecuter;Lorg/gradle/api/internal/GradleInternal;I)V+3
j  org.gradle.execution.DefaultBuildExecuter$1.proceed()V+14
j  org.gradle.execution.DryRunBuildExecutionAction.execute(Lorg/gradle/execution/BuildExecutionContext;)V+121
j  org.gradle.execution.DefaultBuildExecuter.execute(Lorg/gradle/api/internal/GradleInternal;I)V+37
j  org.gradle.execution.DefaultBuildExecuter.execute(Lorg/gradle/api/internal/GradleInternal;)V+3
j  org.gradle.initialization.DefaultGradleLauncher$ExecuteTasks.run(Lorg/gradle/internal/operations/BuildOperationContext;)V+55
j  org.gradle.internal.progress.DefaultBuildOperationExecutor$RunnableBuildOperationWorker.execute(Lorg/gradle/internal/operations/RunnableBuildOperation;Lorg/gradle/internal/operations/BuildOperationContext;)V+2
j  org.gradle.internal.progress.DefaultBuildOperationExecutor$RunnableBuildOperationWorker.execute(Lorg/gradle/internal/operations/BuildOperation;Lorg/gradle/internal/operations/BuildOperationContext;)V+6
j  org.gradle.internal.progress.DefaultBuildOperationExecutor.execute(Lorg/gradle/internal/operations/BuildOperation;Lorg/gradle/internal/operations/BuildOperationWorker;Lorg/gradle/internal/progress/DefaultBuildOperationExecutor$DefaultBuildOperationState;)V+177
j  org.gradle.internal.progress.DefaultBuildOperationExecutor.run(Lorg/gradle/internal/operations/RunnableBuildOperation;)V+20
j  org.gradle.initialization.DefaultGradleLauncher.runTasks()V+53
j  org.gradle.initialization.DefaultGradleLauncher.doBuildStages(Lorg/gradle/initialization/DefaultGradleLauncher$Stage;)V+37
j  org.gradle.initialization.DefaultGradleLauncher.executeTasks()Lorg/gradle/api/internal/GradleInternal;+4
j  org.gradle.internal.invocation.GradleBuildController$1.call()Lorg/gradle/api/internal/GradleInternal;+7
j  org.gradle.internal.invocation.GradleBuildController$1.call()Ljava/lang/Object;+1
j  org.gradle.internal.work.DefaultWorkerLeaseService.withLocks(Ljava/lang/Iterable;Ljava/util/concurrent/Callable;)Ljava/lang/Object;+15
j  org.gradle.internal.invocation.GradleBuildController.doBuild(Ljava/util/concurrent/Callable;)Lorg/gradle/api/internal/GradleInternal;+52
j  org.gradle.internal.invocation.GradleBuildController.run()Lorg/gradle/api/internal/GradleInternal;+9
j  org.gradle.tooling.internal.provider.runner.BuildModelActionRunner.run(Lorg/gradle/internal/invocation/BuildAction;Lorg/gradle/internal/invocation/BuildController;)V+66
j  org.gradle.launcher.exec.ChainingBuildActionRunner.run(Lorg/gradle/internal/invocation/BuildAction;Lorg/gradle/internal/invocation/BuildController;)V+34
j  org.gradle.launcher.exec.ChainingBuildActionRunner.run(Lorg/gradle/internal/invocation/BuildAction;Lorg/gradle/internal/invocation/BuildController;)V+34
j  org.gradle.tooling.internal.provider.ValidatingBuildActionRunner.run(Lorg/gradle/internal/invocation/BuildAction;Lorg/gradle/internal/invocation/BuildController;)V+6
j  org.gradle.launcher.exec.RunAsBuildOperationBuildActionRunner$1.run(Lorg/gradle/internal/operations/BuildOperationContext;)V+15
j  org.gradle.internal.progress.DefaultBuildOperationExecutor$RunnableBuildOperationWorker.execute(Lorg/gradle/internal/operations/RunnableBuildOperation;Lorg/gradle/internal/operations/BuildOperationContext;)V+2
j  org.gradle.internal.progress.DefaultBuildOperationExecutor$RunnableBuildOperationWorker.execute(Lorg/gradle/internal/operations/BuildOperation;Lorg/gradle/internal/operations/BuildOperationContext;)V+6
j  org.gradle.internal.progress.DefaultBuildOperationExecutor.execute(Lorg/gradle/internal/operations/BuildOperation;Lorg/gradle/internal/operations/BuildOperationWorker;Lorg/gradle/internal/progress/DefaultBuildOperationExecutor$DefaultBuildOperationState;)V+177
j  org.gradle.internal.progress.DefaultBuildOperationExecutor.run(Lorg/gradle/internal/operations/RunnableBuildOperation;)V+20
j  org.gradle.launcher.exec.RunAsBuildOperationBuildActionRunner.run(Lorg/gradle/internal/invocation/BuildAction;Lorg/gradle/internal/invocation/BuildController;)V+34
j  org.gradle.tooling.internal.provider.SubscribableBuildActionRunner.run(Lorg/gradle/internal/invocation/BuildAction;Lorg/gradle/internal/invocation/BuildController;)V+40
j  org.gradle.launcher.exec.InProcessBuildActionExecuter.execute(Lorg/gradle/internal/invocation/BuildAction;Lorg/gradle/initialization/BuildRequestContext;Lorg/gradle/launcher/exec/BuildActionParameters;Lorg/gradle/internal/service/ServiceRegistry;)Ljava/lang/Object;+71
j  org.gradle.launcher.exec.InProcessBuildActionExecuter.execute(Lorg/gradle/internal/invocation/BuildAction;Lorg/gradle/initialization/BuildRequestContext;Ljava/lang/Object;Lorg/gradle/internal/service/ServiceRegistry;)Ljava/lang/Object;+9
j  org.gradle.launcher.exec.BuildTreeScopeBuildActionExecuter.execute(Lorg/gradle/internal/invocation/BuildAction;Lorg/gradle/initialization/BuildRequestContext;Lorg/gradle/launcher/exec/BuildActionParameters;Lorg/gradle/internal/service/ServiceRegistry;)Ljava/lang/Object;+41
j  org.gradle.launcher.exec.BuildTreeScopeBuildActionExecuter.execute(Lorg/gradle/internal/invocation/BuildAction;Lorg/gradle/initialization/BuildRequestContext;Ljava/lang/Object;Lorg/gradle/internal/service/ServiceRegistry;)Ljava/lang/Object;+9
j  org.gradle.tooling.internal.provider.ContinuousBuildActionExecuter.execute(Lorg/gradle/internal/invocation/BuildAction;Lorg/gradle/initialization/BuildRequestContext;Lorg/gradle/launcher/exec/BuildActionParameters;Lorg/gradle/internal/service/ServiceRegistry;)Ljava/lang/Object;+28
j  org.gradle.tooling.internal.provider.ContinuousBuildActionExecuter.execute(Lorg/gradle/internal/invocation/BuildAction;Lorg/gradle/initialization/BuildRequestContext;Ljava/lang/Object;Lorg/gradle/internal/service/ServiceRegistry;)Ljava/lang/Object;+9
j  org.gradle.tooling.internal.provider.ServicesSetupBuildActionExecuter.execute(Lorg/gradle/internal/invocation/BuildAction;Lorg/gradle/initialization/BuildRequestContext;Lorg/gradle/launcher/exec/BuildActionParameters;Lorg/gradle/internal/service/ServiceRegistry;)Ljava/lang/Object;+85
j  org.gradle.tooling.internal.provider.ServicesSetupBuildActionExecuter.execute(Lorg/gradle/internal/invocation/BuildAction;Lorg/gradle/initialization/BuildRequestContext;Ljava/lang/Object;Lorg/gradle/internal/service/ServiceRegistry;)Ljava/lang/Object;+9
j  org.gradle.tooling.internal.provider.GradleThreadBuildActionExecuter.execute(Lorg/gradle/internal/invocation/BuildAction;Lorg/gradle/initialization/BuildRequestContext;Lorg/gradle/launcher/exec/BuildActionParameters;Lorg/gradle/internal/service/ServiceRegistry;)Ljava/lang/Object;+12
j  org.gradle.tooling.internal.provider.GradleThreadBuildActionExecuter.execute(Lorg/gradle/internal/invocation/BuildAction;Lorg/gradle/initialization/BuildRequestContext;Ljava/lang/Object;Lorg/gradle/internal/service/ServiceRegistry;)Ljava/lang/Object;+9
j  org.gradle.tooling.internal.provider.ParallelismConfigurationBuildActionExecuter.execute(Lorg/gradle/internal/invocation/BuildAction;Lorg/gradle/initialization/BuildRequestContext;Lorg/gradle/launcher/exec/BuildActionParameters;Lorg/gradle/internal/service/ServiceRegistry;)Ljava/lang/Object;+43
j  org.gradle.tooling.internal.provider.ParallelismConfigurationBuildActionExecuter.execute(Lorg/gradle/internal/invocation/BuildAction;Lorg/gradle/initialization/BuildRequestContext;Ljava/lang/Object;Lorg/gradle/internal/service/ServiceRegistry;)Ljava/lang/Object;+9
j  org.gradle.tooling.internal.provider.StartParamsValidatingActionExecuter.execute(Lorg/gradle/internal/invocation/BuildAction;Lorg/gradle/initialization/BuildRequestContext;Lorg/gradle/launcher/exec/BuildActionParameters;Lorg/gradle/internal/service/ServiceRegistry;)Ljava/lang/Object;+257
j  org.gradle.tooling.internal.provider.StartParamsValidatingActionExecuter.execute(Lorg/gradle/internal/invocation/BuildAction;Lorg/gradle/initialization/BuildRequestContext;Ljava/lang/Object;Lorg/gradle/internal/service/ServiceRegistry;)Ljava/lang/Object;+9
j  org.gradle.tooling.internal.provider.SessionFailureReportingActionExecuter.execute(Lorg/gradle/internal/invocation/BuildAction;Lorg/gradle/initialization/BuildRequestContext;Lorg/gradle/launcher/exec/BuildActionParameters;Lorg/gradle/internal/service/ServiceRegistry;)Ljava/lang/Object;+9
j  org.gradle.tooling.internal.provider.SessionFailureReportingActionExecuter.execute(Lorg/gradle/internal/invocation/BuildAction;Lorg/gradle/initialization/BuildRequestContext;Ljava/lang/Object;Lorg/gradle/internal/service/ServiceRegistry;)Ljava/lang/Object;+9
j  org.gradle.tooling.internal.provider.SetupLoggingActionExecuter.execute(Lorg/gradle/internal/invocation/BuildAction;Lorg/gradle/initialization/BuildRequestContext;Lorg/gradle/launcher/exec/BuildActionParameters;Lorg/gradle/internal/service/ServiceRegistry;)Ljava/lang/Object;+69
j  org.gradle.tooling.internal.provider.SetupLoggingActionExecuter.execute(Lorg/gradle/internal/invocation/BuildAction;Lorg/gradle/initialization/BuildRequestContext;Ljava/lang/Object;Lorg/gradle/internal/service/ServiceRegistry;)Ljava/lang/Object;+9
j  org.gradle.launcher.daemon.server.exec.ExecuteBuild.doBuild(Lorg/gradle/launcher/daemon/server/api/DaemonCommandExecution;Lorg/gradle/launcher/daemon/protocol/Build;)V+114
j  org.gradle.launcher.daemon.server.exec.BuildCommandOnly.execute(Lorg/gradle/launcher/daemon/server/api/DaemonCommandExecution;)V+49
j  org.gradle.launcher.daemon.server.api.DaemonCommandExecution.proceed()Z+28
j  org.gradle.launcher.daemon.server.exec.WatchForDisconnection.execute(Lorg/gradle/launcher/daemon/server/api/DaemonCommandExecution;)V+19
j  org.gradle.launcher.daemon.server.api.DaemonCommandExecution.proceed()Z+28
j  org.gradle.launcher.daemon.server.exec.ResetDeprecationLogger.execute(Lorg/gradle/launcher/daemon/server/api/DaemonCommandExecution;)V+4
j  org.gradle.launcher.daemon.server.api.DaemonCommandExecution.proceed()Z+28
j  org.gradle.launcher.daemon.server.exec.RequestStopIfSingleUsedDaemon.execute(Lorg/gradle/launcher/daemon/server/api/DaemonCommandExecution;)V+33
j  org.gradle.launcher.daemon.server.api.DaemonCommandExecution.proceed()Z+28
j  org.gradle.launcher.daemon.server.exec.ForwardClientInput$2.call()Ljava/lang/Void;+4
j  org.gradle.launcher.daemon.server.exec.ForwardClientInput$2.call()Ljava/lang/Object;+1
j  org.gradle.util.Swapper.swap(Ljava/lang/Object;Ljava/util/concurrent/Callable;)Ljava/lang/Object;+21
j  org.gradle.launcher.daemon.server.exec.ForwardClientInput.execute(Lorg/gradle/launcher/daemon/server/api/DaemonCommandExecution;)V+63
j  org.gradle.launcher.daemon.server.api.DaemonCommandExecution.proceed()Z+28
j  org.gradle.launcher.daemon.server.exec.LogAndCheckHealth.execute(Lorg/gradle/launcher/daemon/server/api/DaemonCommandExecution;)V+28
j  org.gradle.launcher.daemon.server.api.DaemonCommandExecution.proceed()Z+28
j  org.gradle.launcher.daemon.server.exec.LogToClient.doBuild(Lorg/gradle/launcher/daemon/server/api/DaemonCommandExecution;Lorg/gradle/launcher/daemon/protocol/Build;)V+87
j  org.gradle.launcher.daemon.server.exec.BuildCommandOnly.execute(Lorg/gradle/launcher/daemon/server/api/DaemonCommandExecution;)V+49
j  org.gradle.launcher.daemon.server.api.DaemonCommandExecution.proceed()Z+28
j  org.gradle.launcher.daemon.server.exec.EstablishBuildEnvironment.doBuild(Lorg/gradle/launcher/daemon/server/api/DaemonCommandExecution;Lorg/gradle/launcher/daemon/protocol/Build;)V+365
j  org.gradle.launcher.daemon.server.exec.BuildCommandOnly.execute(Lorg/gradle/launcher/daemon/server/api/DaemonCommandExecution;)V+49
j  org.gradle.launcher.daemon.server.api.DaemonCommandExecution.proceed()Z+28
j  org.gradle.launcher.daemon.server.exec.StartBuildOrRespondWithBusy$1.run()V+44
j  org.gradle.launcher.daemon.server.DaemonStateCoordinator$1.run()V+4
j  org.gradle.internal.concurrent.ExecutorPolicy$CatchAndRecordFailures.onExecute(Ljava/lang/Runnable;)V+1
j  org.gradle.internal.concurrent.ManagedExecutorImpl$1.run()V+25
j  java.util.concurrent.ThreadPoolExecutor.runWorker(Ljava/util/concurrent/ThreadPoolExecutor$Worker;)V+95
j  java.util.concurrent.ThreadPoolExecutor$Worker.run()V+5
j  org.gradle.internal.concurrent.ThreadFactoryImpl$ManagedThreadRunnable.run()V+7
j  java.lang.Thread.run()V+11
v  ~StubRoutines::call_stub

---------------  P R O C E S S  ---------------

Java Threads: ( => current thread )
  0x45e66800 JavaThread "ForkJoinPool.commonPool-worker-1" daemon [_thread_blocked, id=5784, stack(0x49ef0000,0x49f40000)]
  0x45e66000 JavaThread "Java2D Disposer" daemon [_thread_blocked, id=7556, stack(0x49c20000,0x49c70000)]
  0x45121c00 JavaThread "Worker Daemon Execution Thread 7" [_thread_blocked, id=7132, stack(0x457d0000,0x45820000)]
  0x45121400 JavaThread "Worker Daemon Execution Thread 6" [_thread_blocked, id=7844, stack(0x49ce0000,0x49d30000)]
  0x45121000 JavaThread "Worker Daemon Execution Thread 5" [_thread_blocked, id=2004, stack(0x01250000,0x012a0000)]
  0x45120800 JavaThread "Worker Daemon Execution Thread 4" [_thread_blocked, id=6344, stack(0x49d30000,0x49d80000)]
  0x45120400 JavaThread "Worker Daemon Execution Thread 3" [_thread_blocked, id=6336, stack(0x49b70000,0x49bc0000)]
  0x4511fc00 JavaThread "Worker Daemon Execution Thread 2" [_thread_blocked, id=6324, stack(0x47c50000,0x47ca0000)]
  0x4511f800 JavaThread "Worker Daemon Execution" [_thread_in_vm, id=7324, stack(0x44240000,0x44290000)]
  0x4511f000 JavaThread "Cache worker for task history cache (E:\AndroidStudioApp\AloneProject\.gradle\4.1\taskHistory)" [_thread_blocked, id=512, stack(0x45a10000,0x45a60000)]
  0x4511e800 JavaThread "build operations" [_thread_blocked, id=1712, stack(0x46cd0000,0x46d20000)]
  0x4511e400 JavaThread "Cache worker for Artifact transforms cache (F:\Android\.gradle\caches\transforms-1)" [_thread_blocked, id=1880, stack(0x499c0000,0x49a10000)]
  0x4511dc00 JavaThread "Cache worker for file hash cache (E:\AndroidStudioApp\AloneProject\.gradle\4.1\fileHashes)" [_thread_blocked, id=2136, stack(0x477b0000,0x47800000)]
  0x4511d800 JavaThread "Stdin handler" [_thread_blocked, id=3812, stack(0x452e0000,0x45330000)]
  0x4511bc00 JavaThread "Asynchronous log dispatcher for DefaultDaemonConnection: socket connection from /127.0.0.1:9729 to /127.0.0.1:9745" [_thread_blocked, id=7256, stack(0x01360000,0x013b0000)]
  0x4511b000 JavaThread "Cancel handler" [_thread_blocked, id=984, stack(0x45780000,0x457d0000)]
  0x4511c400 JavaThread "Handler for socket connection from /127.0.0.1:9729 to /127.0.0.1:9745" [_thread_in_native, id=6692, stack(0x47730000,0x47780000)]
  0x4511cc00 JavaThread "Memory manager" [_thread_blocked, id=4636, stack(0x47ca0000,0x47cf0000)]
  0x4511ac00 JavaThread "File lock request listener" [_thread_in_native, id=5088, stack(0x45ca0000,0x45cf0000)]
  0x4511a400 JavaThread "Cache worker for file hash cache (F:\Android\.gradle\caches\4.1\fileHashes)" [_thread_blocked, id=1444, stack(0x455e0000,0x45630000)]
=>0x4509cc00 JavaThread "Daemon worker" [_thread_in_native, id=8180, stack(0x45710000,0x45760000)]
  0x45088000 JavaThread "Daemon periodic checks" [_thread_blocked, id=4552, stack(0x44490000,0x444e0000)]
  0x45045800 JavaThread "Daemon" [_thread_blocked, id=6908, stack(0x45680000,0x456d0000)]
  0x44ff3400 JavaThread "Incoming local TCP Connector on port 9729" [_thread_in_native, id=6776, stack(0x45390000,0x453e0000)]
  0x44f8e000 JavaThread "Daemon health stats" [_thread_blocked, id=7048, stack(0x45330000,0x45380000)]
  0x4403a000 JavaThread "Service Thread" daemon [_thread_blocked, id=7420, stack(0x442e0000,0x44330000)]
  0x44019000 JavaThread "C1 CompilerThread0" daemon [_thread_blocked, id=2724, stack(0x03750000,0x037a0000)]
  0x44018000 JavaThread "Attach Listener" daemon [_thread_blocked, id=7564, stack(0x44340000,0x44390000)]
  0x44015000 JavaThread "Signal Dispatcher" daemon [_thread_blocked, id=3120, stack(0x44290000,0x442e0000)]
  0x43fd7400 JavaThread "Finalizer" daemon [_thread_blocked, id=5464, stack(0x441e0000,0x44230000)]
  0x43fd5000 JavaThread "Reference Handler" daemon [_thread_blocked, id=7016, stack(0x037b0000,0x03800000)]
  0x01154800 JavaThread "main" [_thread_blocked, id=7664, stack(0x01100000,0x01150000)]

Other Threads:
  0x43fd2c00 VMThread [stack: 0x036f0000,0x03740000] [id=8012]
  0x4403ac00 WatcherThread [stack: 0x444f0000,0x44540000] [id=3660]

VM state:not at safepoint (normal execution)

VM Mutex/Monitor currently owned by a thread: None

Heap:
 def new generation   total 24192K, used 10270K [0x03800000, 0x05240000, 0x18d50000)
  eden space 21504K,  37% used [0x03800000, 0x03fedaf8, 0x04d00000)
  from space 2688K,  80% used [0x04fa0000, 0x051b9f90, 0x05240000)
  to   space 2688K,   0% used [0x04d00000, 0x04d00000, 0x04fa0000)
 tenured generation   total 53528K, used 37264K [0x18d50000, 0x1c196000, 0x43800000)
   the space 53528K,  69% used [0x18d50000, 0x1b1b42f8, 0x1b1b4400, 0x1c196000)
 Metaspace       used 36888K, capacity 37935K, committed 38656K, reserved 39296K

Card table byte_map: [0x43800000,0x43a10000] byte_map_base: 0x437e4000

Polling page: 0x00270000

CodeCache: size=32768Kb used=7146Kb max_used=7146Kb free=25621Kb
 bounds [0x016d0000, 0x01dd0000, 0x036d0000]
 total_blobs=4308 nmethods=3812 adapters=426
 compilation: enabled

Compilation events (10 events):
Event: 57.463 Thread 0x44019000 4491             sun.java2d.loops.GraphicsPrimitiveMgr$1::compare (39 bytes)
Event: 57.463 Thread 0x44019000 nmethod 4491 0x01dca708 code [0x01dca810, 0x01dca920]
Event: 57.464 Thread 0x44019000 4492             java.util.TimSort::mergeHi (732 bytes)
Event: 57.466 Thread 0x44019000 nmethod 4492 0x01dcaa08 code [0x01dcac20, 0x01dcbee8]
Event: 57.466 Thread 0x44019000 4493             sun.java2d.loops.SurfaceType::getUniqueID (5 bytes)
Event: 57.467 Thread 0x44019000 nmethod 4493 0x01dccbc8 code [0x01dcccc0, 0x01dccd40]
Event: 57.467 Thread 0x44019000 4494             sun.java2d.loops.GraphicsPrimitiveMgr$2::compare (39 bytes)
Event: 57.467 Thread 0x44019000 nmethod 4494 0x01dccd88 code [0x01dcce90, 0x01dccf90]
Event: 57.489 Thread 0x44019000 4495             java.util.ArrayDeque::addLast (53 bytes)
Event: 57.490 Thread 0x44019000 nmethod 4495 0x01dcd088 code [0x01dcd1a0, 0x01dcd344]

GC Heap History (10 events):
Event: 52.630 GC heap before
{Heap before GC invocations=108 (full 4):
 def new generation   total 19904K, used 18404K [0x03800000, 0x04d90000, 0x18d50000)
  eden space 17728K, 100% used [0x03800000, 0x04950000, 0x04950000)
  from space 2176K,  31% used [0x04950000, 0x049f92f0, 0x04b70000)
  to   space 2176K,   0% used [0x04b70000, 0x04b70000, 0x04d90000)
 tenured generation   total 43976K, used 43826K [0x18d50000, 0x1b842000, 0x43800000)
   the space 43976K,  99% used [0x18d50000, 0x1b81ca88, 0x1b81cc00, 0x1b842000)
 Metaspace       used 35457K, capacity 36675K, committed 36736K, reserved 37248K
Event: 52.651 GC heap after
Heap after GC invocations=109 (full 4):
 def new generation   total 19904K, used 2176K [0x03800000, 0x04d90000, 0x18d50000)
  eden space 17728K,   0% used [0x03800000, 0x03800000, 0x04950000)
  from space 2176K, 100% used [0x04b70000, 0x04d90000, 0x04d90000)
  to   space 2176K,   0% used [0x04950000, 0x04950000, 0x04b70000)
 tenured generation   total 43976K, used 43960K [0x18d50000, 0x1b842000, 0x43800000)
   the space 43976K,  99% used [0x18d50000, 0x1b83e3d8, 0x1b83e400, 0x1b842000)
 Metaspace       used 35457K, capacity 36675K, committed 36736K, reserved 37248K
}
Event: 54.162 GC heap before
{Heap before GC invocations=109 (full 4):
 def new generation   total 19904K, used 19904K [0x03800000, 0x04d90000, 0x18d50000)
  eden space 17728K, 100% used [0x03800000, 0x04950000, 0x04950000)
  from space 2176K, 100% used [0x04b70000, 0x04d90000, 0x04d90000)
  to   space 2176K,   0% used [0x04950000, 0x04950000, 0x04b70000)
 tenured generation   total 43976K, used 43960K [0x18d50000, 0x1b842000, 0x43800000)
   the space 43976K,  99% used [0x18d50000, 0x1b83e3d8, 0x1b83e400, 0x1b842000)
 Metaspace       used 35965K, capacity 37190K, committed 37248K, reserved 37248K
Event: 54.681 GC heap after
Heap after GC invocations=110 (full 5):
 def new generation   total 24192K, used 0K [0x03800000, 0x05240000, 0x18d50000)
  eden space 21504K,   0% used [0x03800000, 0x03800000, 0x04d00000)
  from space 2688K,   0% used [0x04d00000, 0x04d00000, 0x04fa0000)
  to   space 2688K,   0% used [0x04fa0000, 0x04fa0000, 0x05240000)
 tenured generation   total 53528K, used 32115K [0x18d50000, 0x1c196000, 0x43800000)
   the space 53528K,  59% used [0x18d50000, 0x1acacdc8, 0x1acace00, 0x1c196000)
 Metaspace       used 35037K, capacity 36031K, committed 37248K, reserved 37248K
}
Event: 56.116 GC heap before
{Heap before GC invocations=110 (full 5):
 def new generation   total 24192K, used 21504K [0x03800000, 0x05240000, 0x18d50000)
  eden space 21504K, 100% used [0x03800000, 0x04d00000, 0x04d00000)
  from space 2688K,   0% used [0x04d00000, 0x04d00000, 0x04fa0000)
  to   space 2688K,   0% used [0x04fa0000, 0x04fa0000, 0x05240000)
 tenured generation   total 53528K, used 32115K [0x18d50000, 0x1c196000, 0x43800000)
   the space 53528K,  59% used [0x18d50000, 0x1acacdc8, 0x1acace00, 0x1c196000)
 Metaspace       used 35505K, capacity 36499K, committed 37376K, reserved 38272K
Event: 56.131 GC heap after
Heap after GC invocations=111 (full 5):
 def new generation   total 24192K, used 1386K [0x03800000, 0x05240000, 0x18d50000)
  eden space 21504K,   0% used [0x03800000, 0x03800000, 0x04d00000)
  from space 2688K,  51% used [0x04fa0000, 0x050fa848, 0x05240000)
  to   space 2688K,   0% used [0x04d00000, 0x04d00000, 0x04fa0000)
 tenured generation   total 53528K, used 32115K [0x18d50000, 0x1c196000, 0x43800000)
   the space 53528K,  59% used [0x18d50000, 0x1acacdc8, 0x1acace00, 0x1c196000)
 Metaspace       used 35505K, capacity 36499K, committed 37376K, reserved 38272K
}
Event: 56.663 GC heap before
{Heap before GC invocations=111 (full 5):
 def new generation   total 24192K, used 22879K [0x03800000, 0x05240000, 0x18d50000)
  eden space 21504K,  99% used [0x03800000, 0x04cfd540, 0x04d00000)
  from space 2688K,  51% used [0x04fa0000, 0x050fa848, 0x05240000)
  to   space 2688K,   0% used [0x04d00000, 0x04d00000, 0x04fa0000)
 tenured generation   total 53528K, used 32115K [0x18d50000, 0x1c196000, 0x43800000)
   the space 53528K,  59% used [0x18d50000, 0x1acacdc8, 0x1acace00, 0x1c196000)
 Metaspace       used 35505K, capacity 36499K, committed 37376K, reserved 38272K
Event: 56.696 GC heap after
Heap after GC invocations=112 (full 5):
 def new generation   total 24192K, used 2688K [0x03800000, 0x05240000, 0x18d50000)
  eden space 21504K,   0% used [0x03800000, 0x03800000, 0x04d00000)
  from space 2688K, 100% used [0x04d00000, 0x04fa0000, 0x04fa0000)
  to   space 2688K,   0% used [0x04fa0000, 0x04fa0000, 0x05240000)
 tenured generation   total 53528K, used 34646K [0x18d50000, 0x1c196000, 0x43800000)
   the space 53528K,  64% used [0x18d50000, 0x1af25b78, 0x1af25c00, 0x1c196000)
 Metaspace       used 35505K, capacity 36499K, committed 37376K, reserved 38272K
}
Event: 57.189 GC heap before
{Heap before GC invocations=112 (full 5):
 def new generation   total 24192K, used 24192K [0x03800000, 0x05240000, 0x18d50000)
  eden space 21504K, 100% used [0x03800000, 0x04d00000, 0x04d00000)
  from space 2688K, 100% used [0x04d00000, 0x04fa0000, 0x04fa0000)
  to   space 2688K,   0% used [0x04fa0000, 0x04fa0000, 0x05240000)
 tenured generation   total 53528K, used 34646K [0x18d50000, 0x1c196000, 0x43800000)
   the space 53528K,  64% used [0x18d50000, 0x1af25b78, 0x1af25c00, 0x1c196000)
 Metaspace       used 35852K, capacity 36904K, committed 37632K, reserved 38272K
Event: 57.218 GC heap after
Heap after GC invocations=113 (full 5):
 def new generation   total 24192K, used 2151K [0x03800000, 0x05240000, 0x18d50000)
  eden space 21504K,   0% used [0x03800000, 0x03800000, 0x04d00000)
  from space 2688K,  80% used [0x04fa0000, 0x051b9f90, 0x05240000)
  to   space 2688K,   0% used [0x04d00000, 0x04d00000, 0x04fa0000)
 tenured generation   total 53528K, used 37264K [0x18d50000, 0x1c196000, 0x43800000)
   the space 53528K,  69% used [0x18d50000, 0x1b1b42f8, 0x1b1b4400, 0x1c196000)
 Metaspace       used 35852K, capacity 36904K, committed 37632K, reserved 38272K
}

Deoptimization events (0 events):
No events

Internal exceptions (10 events):
Event: 56.996 Thread 0x4509cc00 Exception <a 'java/lang/NoSuchMethodError': <clinit>> (0x0427b168) thrown at [C:\re\workspace\8-2-build-windows-i586-cygwin\jdk8u45\3457\hotspot\src\share\vm\prims\jni.cpp, line 1598]
Event: 56.999 Thread 0x4509cc00 Exception <a 'java/lang/NoSuchMethodError': <clinit>> (0x0429d6d0) thrown at [C:\re\workspace\8-2-build-windows-i586-cygwin\jdk8u45\3457\hotspot\src\share\vm\prims\jni.cpp, line 1598]
Event: 56.999 Thread 0x4509cc00 Exception <a 'java/lang/NoSuchMethodError': <clinit>> (0x042a51f8) thrown at [C:\re\workspace\8-2-build-windows-i586-cygwin\jdk8u45\3457\hotspot\src\share\vm\prims\jni.cpp, line 1598]
Event: 56.999 Thread 0x4509cc00 Exception <a 'java/lang/NoSuchMethodError': <clinit>> (0x042a8360) thrown at [C:\re\workspace\8-2-build-windows-i586-cygwin\jdk8u45\3457\hotspot\src\share\vm\prims\jni.cpp, line 1598]
Event: 57.000 Thread 0x4509cc00 Exception <a 'java/lang/NoSuchMethodError': <clinit>> (0x042bd6d8) thrown at [C:\re\workspace\8-2-build-windows-i586-cygwin\jdk8u45\3457\hotspot\src\share\vm\prims\jni.cpp, line 1598]
Event: 57.003 Thread 0x4509cc00 Exception <a 'java/lang/NoSuchMethodError': <clinit>> (0x042d8af0) thrown at [C:\re\workspace\8-2-build-windows-i586-cygwin\jdk8u45\3457\hotspot\src\share\vm\prims\jni.cpp, line 1598]
Event: 57.004 Thread 0x4509cc00 Exception <a 'java/lang/NoSuchMethodError': <clinit>> (0x042db7e0) thrown at [C:\re\workspace\8-2-build-windows-i586-cygwin\jdk8u45\3457\hotspot\src\share\vm\prims\jni.cpp, line 1598]
Event: 57.006 Thread 0x4509cc00 Exception <a 'java/lang/NoSuchMethodError': <clinit>> (0x042f7600) thrown at [C:\re\workspace\8-2-build-windows-i586-cygwin\jdk8u45\3457\hotspot\src\share\vm\prims\jni.cpp, line 1598]
Event: 57.304 Thread 0x4511f800 Exception <a 'java/io/FileNotFoundException'> (0x0385fa70) thrown at [C:\re\workspace\8-2-build-windows-i586-cygwin\jdk8u45\3457\hotspot\src\share\vm\prims\jni.cpp, line 709]
Event: 57.432 Thread 0x4511f800 Exception <a 'java/io/FileNotFoundException'> (0x03cfca00) thrown at [C:\re\workspace\8-2-build-windows-i586-cygwin\jdk8u45\3457\hotspot\src\share\vm\prims\jni.cpp, line 709]

Events (10 events):
Event: 57.484 loading class com/android/builder/internal/aapt/v2/AaptV2CommandBuilder
Event: 57.484 loading class com/android/builder/internal/aapt/v2/AaptV2CommandBuilder done
Event: 57.487 loading class com/android/tools/aapt2/Aapt2Result
Event: 57.487 loading class com/android/tools/aapt2/Aapt2Result done
Event: 57.487 loading class com/android/tools/aapt2/Aapt2Result$Builder
Event: 57.487 loading class com/android/tools/aapt2/Aapt2Result$Builder done
Event: 57.488 loading class com/android/tools/aapt2/AutoValue_Aapt2Result$Builder
Event: 57.488 loading class com/android/tools/aapt2/AutoValue_Aapt2Result$Builder done
Event: 57.489 loading class com/android/tools/aapt2/AutoValue_Aapt2Result
Event: 57.489 loading class com/android/tools/aapt2/AutoValue_Aapt2Result done


Dynamic libraries:
0x013c0000 - 0x013f3000 	C:\Program Files\Java\jdk1.8.0_45\bin\java.exe
0x77060000 - 0x7719c000 	C:\Windows\SYSTEM32\ntdll.dll
0x771b0000 - 0x77284000 	C:\Windows\system32\kernel32.dll
0x75070000 - 0x750bb000 	C:\Windows\system32\KERNELBASE.dll
0x768f0000 - 0x76990000 	C:\Windows\system32\ADVAPI32.dll
0x765b0000 - 0x7665c000 	C:\Windows\system32\msvcrt.dll
0x76b90000 - 0x76ba9000 	C:\Windows\SYSTEM32\sechost.dll
0x75410000 - 0x754b1000 	C:\Windows\system32\RPCRT4.dll
0x767c0000 - 0x76889000 	C:\Windows\system32\USER32.dll
0x76de0000 - 0x76e2e000 	C:\Windows\system32\GDI32.dll
0x76a20000 - 0x76a2a000 	C:\Windows\system32\LPK.dll
0x75370000 - 0x7540d000 	C:\Windows\system32\USP10.dll
0x73ed0000 - 0x7406e000 	C:\Windows\WinSxS\x86_microsoft.windows.common-controls_6595b64144ccf1df_6.0.7601.17514_none_41e6975e2bd6f2b2\COMCTL32.dll
0x76890000 - 0x768e7000 	C:\Windows\system32\SHLWAPI.dll
0x75620000 - 0x7563f000 	C:\Windows\system32\IMM32.DLL
0x766f0000 - 0x767bc000 	C:\Windows\system32\MSCTF.dll
0x64390000 - 0x6444f000 	C:\Program Files\Java\jdk1.8.0_45\jre\bin\msvcr100.dll
0x5d900000 - 0x5dcc0000 	C:\Program Files\Java\jdk1.8.0_45\jre\bin\client\jvm.dll
0x72420000 - 0x72427000 	C:\Windows\system32\WSOCK32.dll
0x76e30000 - 0x76e65000 	C:\Windows\system32\WS2_32.dll
0x75610000 - 0x75616000 	C:\Windows\system32\NSI.dll
0x717b0000 - 0x717e2000 	C:\Windows\system32\WINMM.dll
0x74600000 - 0x74609000 	C:\Windows\system32\VERSION.dll
0x766e0000 - 0x766e5000 	C:\Windows\system32\PSAPI.DLL
0x6db50000 - 0x6db5c000 	C:\Program Files\Java\jdk1.8.0_45\jre\bin\verify.dll
0x6a2c0000 - 0x6a2e1000 	C:\Program Files\Java\jdk1.8.0_45\jre\bin\java.dll
0x6a7d0000 - 0x6a7e3000 	C:\Program Files\Java\jdk1.8.0_45\jre\bin\zip.dll
0x75900000 - 0x7654a000 	C:\Windows\system32\SHELL32.dll
0x76a30000 - 0x76b8c000 	C:\Windows\system32\ole32.dll
0x75060000 - 0x7506b000 	C:\Windows\system32\profapi.dll
0x6da70000 - 0x6da85000 	C:\Program Files\Java\jdk1.8.0_45\jre\bin\net.dll
0x74a30000 - 0x74a6c000 	C:\Windows\system32\mswsock.dll
0x74a20000 - 0x74a26000 	C:\Windows\System32\wship6.dll
0x6df00000 - 0x6df0f000 	C:\Program Files\Java\jdk1.8.0_45\jre\bin\nio.dll
0x65040000 - 0x65059000 	F:\Android\.gradle\native\25\windows-i386\native-platform.dll
0x6db10000 - 0x6db1a000 	C:\Program Files\Java\jdk1.8.0_45\jre\bin\management.dll
0x74a70000 - 0x74a86000 	C:\Windows\system32\CRYPTSP.dll
0x74810000 - 0x7484b000 	C:\Windows\system32\rsaenh.dll
0x750e0000 - 0x750f7000 	C:\Windows\system32\USERENV.dll
0x74f40000 - 0x74f4c000 	C:\Windows\system32\CRYPTBASE.dll
0x73110000 - 0x7312c000 	C:\Windows\system32\IPHLPAPI.DLL
0x73100000 - 0x73107000 	C:\Windows\system32\WINNSI.DLL
0x71240000 - 0x7124d000 	C:\Windows\system32\dhcpcsvc6.DLL
0x708f0000 - 0x70902000 	C:\Windows\system32\dhcpcsvc.DLL
0x64b40000 - 0x64b58000 	F:\Temp\aapt2_1706756306920505919\libwinpthread-1.dll
0x63940000 - 0x63c05000 	F:\Temp\aapt2_1706756306920505919\libaapt2_jni.dll
0x63d00000 - 0x63e45000 	C:\Program Files\Java\jdk1.8.0_45\jre\bin\awt.dll
0x76bb0000 - 0x76c3f000 	C:\Windows\system32\OLEAUT32.dll
0x73a20000 - 0x73a33000 	C:\Windows\system32\DWMAPI.DLL
0x670c0000 - 0x671ab000 	C:\Windows\system32\dbghelp.dll
0x65e50000 - 0x65e74000 	C:\Program Files\Java\jdk1.8.0_45\jre\bin\dcpr.dll

VM Arguments:
jvm_args: -Xmx1024m -Dfile.encoding=windows-1256 -Duser.country=US -Duser.language=en -Duser.variant 
java_command: org.gradle.launcher.daemon.bootstrap.GradleDaemon 4.1
java_class_path (initial): F:\Android\.gradle\wrapper\dists\gradle-4.1-all\bzyivzo6n839fup2jbap0tjew\gradle-4.1\lib\gradle-launcher-4.1.jar
Launcher Type: SUN_STANDARD

Environment Variables:
JAVA_HOME=C:\Program Files\Java\jdk1.8.0_45\
PATH=C:\Program Files\NVIDIA Corporation\PhysX\Common;C:\ProgramData\Oracle\Java\javapath;C:\Windows\system32;C:\Windows;C:\Windows\System32\Wbem;C:\Windows\System32\WindowsPowerShell\v1.0\;C:\Windows\system32\gs\gs8.71\bin;E:\Program Files\QuickTime\QTSystem;C:\wamp\bin\php\php5.4.3;C:\ProgramData\ComposerSetup\bin;e:\Program Files\ATI Technologies\ATI.ACE\Core-Static;F:\Program Files\nodejs\;C:\Users\Mojtaba\AppData\Roaming\npm
USERNAME=Mojtaba
OS=Windows_NT
PROCESSOR_IDENTIFIER=x86 Family 15 Model 79 Stepping 2, AuthenticAMD



---------------  S Y S T E M  ---------------

OS: Windows 7 Build 7601 (6.1.7601.17932)

CPU:total 1 (1 cores per cpu, 1 threads per core) family 15 model 79 stepping 2, cmov, cx8, fxsr, mmx, sse, sse2, sse3, mmxext, 3dnowpref, tsc

Memory: 4k page, physical 2096440k(521444k free), swap 4192880k(1871192k free)

vm_info: Java HotSpot(TM) Client VM (25.45-b02) for windows-x86 JRE (1.8.0_45-b14), built on Apr 10 2015 10:46:40 by "java_re" with MS VC++ 10.0 (VS2010)

time: Mon Oct 09 15:51:17 2017
elapsed time: 57 seconds (0d 0h 0m 57s)

